{
  "stats": {
    "suites": 12,
    "tests": 41,
    "passes": 27,
    "pending": 0,
    "failures": 14,
    "start": "2022-08-04T21:42:20.098Z",
    "end": "2022-08-04T21:44:05.331Z",
    "duration": 105233,
    "testsRegistered": 41,
    "passPercent": 65.85365853658537,
    "pendingPercent": 0,
    "other": 0,
    "hasOther": false,
    "skipped": 0,
    "hasSkipped": false
  },
  "results": [
    {
      "uuid": "a0602072-ba66-41a1-bad3-ae33490531bf",
      "title": "",
      "fullFile": "cypress/integration/project.spec.js",
      "file": "cypress/integration/project.spec.js",
      "beforeHooks": [],
      "afterHooks": [],
      "tests": [],
      "suites": [
        {
          "uuid": "c94cb9a1-75c8-49a3-9519-2721efe8b94d",
          "title": "1 - Adicione à página o título \"Paleta de Cores\"",
          "fullFile": "",
          "file": "",
          "beforeHooks": [],
          "afterHooks": [],
          "tests": [
            {
              "title": "Verifica se contém um elemento `h1` com o id `title` com o título correto",
              "fullTitle": "1 - Adicione à página o título \"Paleta de Cores\" Verifica se contém um elemento `h1` com o id `title` com o título correto",
              "timedOut": null,
              "duration": 1052,
              "state": "passed",
              "speed": "slow",
              "pass": true,
              "fail": false,
              "pending": false,
              "context": null,
              "code": "cy.get('h1#title').should('contain.text', 'Paleta de Cores');",
              "err": {},
              "uuid": "39d7a2d5-1a7d-4c09-8e22-489caa5e254a",
              "parentUUID": "c94cb9a1-75c8-49a3-9519-2721efe8b94d",
              "isHook": false,
              "skipped": false
            }
          ],
          "suites": [],
          "passes": [
            "39d7a2d5-1a7d-4c09-8e22-489caa5e254a"
          ],
          "failures": [],
          "pending": [],
          "skipped": [],
          "duration": 1052,
          "root": false,
          "rootEmpty": false,
          "_timeout": 2000
        },
        {
          "uuid": "92122465-81ee-4717-8664-050d86cddbb0",
          "title": "2 - Adicione à página uma paleta contendo quatro cores distintas",
          "fullFile": "",
          "file": "",
          "beforeHooks": [],
          "afterHooks": [],
          "tests": [
            {
              "title": "A paleta de cores deve ser um elemento com `id` denominado `color-palette` e ter mais de 0px de altura e de largura.",
              "fullTitle": "2 - Adicione à página uma paleta contendo quatro cores distintas A paleta de cores deve ser um elemento com `id` denominado `color-palette` e ter mais de 0px de altura e de largura.",
              "timedOut": null,
              "duration": 228,
              "state": "passed",
              "speed": "slow",
              "pass": true,
              "fail": false,
              "pending": false,
              "context": null,
              "code": "cy.get('#color-palette').should('be.visible');\ncy.get('#color-palette').children('.color');",
              "err": {},
              "uuid": "00197f4a-b556-42fa-aa23-8ec082685b66",
              "parentUUID": "92122465-81ee-4717-8664-050d86cddbb0",
              "isHook": false,
              "skipped": false
            },
            {
              "title": "Verifica se cada cor individual da paleta de cores possui a `classe` chamada `color`.",
              "fullTitle": "2 - Adicione à página uma paleta contendo quatro cores distintas Verifica se cada cor individual da paleta de cores possui a `classe` chamada `color`.",
              "timedOut": null,
              "duration": 185,
              "state": "passed",
              "speed": "slow",
              "pass": true,
              "fail": false,
              "pending": false,
              "context": null,
              "code": "cy.get('.color').should('have.length', 4).then(function (colors) {\n  for (var i = 0; i < colors.length; i++) {\n    cy.wrap(colors[i]).should('be.visible');\n  }\n});",
              "err": {},
              "uuid": "c26e3542-4411-475d-bd8f-72f550690b10",
              "parentUUID": "92122465-81ee-4717-8664-050d86cddbb0",
              "isHook": false,
              "skipped": false
            },
            {
              "title": "Verifica se a cor de fundo de cada elemento da paleta é a cor que o elemento representa. **A única cor não permitida na paleta é a cor branca.**",
              "fullTitle": "2 - Adicione à página uma paleta contendo quatro cores distintas Verifica se a cor de fundo de cada elemento da paleta é a cor que o elemento representa. **A única cor não permitida na paleta é a cor branca.**",
              "timedOut": null,
              "duration": 267,
              "state": "passed",
              "speed": "slow",
              "pass": true,
              "fail": false,
              "pending": false,
              "context": null,
              "code": "cy.get('.color').each(function (color) {\n  cy.wrap(color).should('have.class', 'color').and('not.have.css', 'background-color', WHITE);\n  cy.wrap(color).should('have.css', 'background-color');\n});",
              "err": {},
              "uuid": "eb89f89c-0230-4cd9-89b5-b787a79cdaf1",
              "parentUUID": "92122465-81ee-4717-8664-050d86cddbb0",
              "isHook": false,
              "skipped": false
            },
            {
              "title": "Verifica se cada elemento da paleta de cores tem uma borda preta, sólida e com 1 pixel de largura;",
              "fullTitle": "2 - Adicione à página uma paleta contendo quatro cores distintas Verifica se cada elemento da paleta de cores tem uma borda preta, sólida e com 1 pixel de largura;",
              "timedOut": null,
              "duration": 187,
              "state": "passed",
              "speed": "slow",
              "pass": true,
              "fail": false,
              "pending": false,
              "context": null,
              "code": "cy.get('.color').each(function (color) {\n  cy.wrap(color).and('have.css', 'border', \"1px solid \".concat(BLACK)).and('have.class', 'color');\n});",
              "err": {},
              "uuid": "4dfd5f43-b625-4049-b143-ec67f3810446",
              "parentUUID": "92122465-81ee-4717-8664-050d86cddbb0",
              "isHook": false,
              "skipped": false
            },
            {
              "title": "Verifica se a paleta lista todas as cores disponíveis para utilização, lado a lado.",
              "fullTitle": "2 - Adicione à página uma paleta contendo quatro cores distintas Verifica se a paleta lista todas as cores disponíveis para utilização, lado a lado.",
              "timedOut": null,
              "duration": 176,
              "state": "passed",
              "speed": "slow",
              "pass": true,
              "fail": false,
              "pending": false,
              "context": null,
              "code": "cy.get('.color').then(function (colors) {\n  for (var index = 1; index < colors.length; index += 1) {\n    var currentColor = colors[index];\n    var previousColor = colors[index - 1];\n    cy.wrap(currentColor).should('be.onTheRightOf', previousColor).and('be.horizontallyAlignedWith', previousColor);\n  }\n});",
              "err": {},
              "uuid": "01e8cff9-b08a-494c-99ab-beae1dbe024e",
              "parentUUID": "92122465-81ee-4717-8664-050d86cddbb0",
              "isHook": false,
              "skipped": false
            },
            {
              "title": "Verifica se a paleta de cores está posicionada abaixo do título 'Paleta de Cores'",
              "fullTitle": "2 - Adicione à página uma paleta contendo quatro cores distintas Verifica se a paleta de cores está posicionada abaixo do título 'Paleta de Cores'",
              "timedOut": null,
              "duration": 157,
              "state": "passed",
              "speed": "slow",
              "pass": true,
              "fail": false,
              "pending": false,
              "context": null,
              "code": "cy.get('h1#title').then(function (title) {\n  cy.get('#color-palette').should('be.belowOf', title);\n});",
              "err": {},
              "uuid": "3c078268-989e-4116-ba9e-4270ad14c6da",
              "parentUUID": "92122465-81ee-4717-8664-050d86cddbb0",
              "isHook": false,
              "skipped": false
            },
            {
              "title": "Verifica se a paleta de cores não contém cores repetidas.",
              "fullTitle": "2 - Adicione à página uma paleta contendo quatro cores distintas Verifica se a paleta de cores não contém cores repetidas.",
              "timedOut": null,
              "duration": 183,
              "state": "passed",
              "speed": "slow",
              "pass": true,
              "fail": false,
              "pending": false,
              "context": null,
              "code": "cy.get('.color').then(function (colors) {\n  var allColors = Array.from(colors).map(function (color) {\n    return Cypress.$(color).css('background-color');\n  });\n  cy.log(allColors);\n  var uniqColors = (0, _toConsumableArray2[\"default\"])(new Set(allColors));\n  cy.log(uniqColors);\n  expect(allColors.length).to.eq(uniqColors.length);\n});",
              "err": {},
              "uuid": "35b23823-917c-4629-bce5-3ecfb0eb78f4",
              "parentUUID": "92122465-81ee-4717-8664-050d86cddbb0",
              "isHook": false,
              "skipped": false
            }
          ],
          "suites": [],
          "passes": [
            "00197f4a-b556-42fa-aa23-8ec082685b66",
            "c26e3542-4411-475d-bd8f-72f550690b10",
            "eb89f89c-0230-4cd9-89b5-b787a79cdaf1",
            "4dfd5f43-b625-4049-b143-ec67f3810446",
            "01e8cff9-b08a-494c-99ab-beae1dbe024e",
            "3c078268-989e-4116-ba9e-4270ad14c6da",
            "35b23823-917c-4629-bce5-3ecfb0eb78f4"
          ],
          "failures": [],
          "pending": [],
          "skipped": [],
          "duration": 1383,
          "root": false,
          "rootEmpty": false,
          "_timeout": 2000
        },
        {
          "uuid": "3743aa08-d133-4eaf-86e6-19de42d3486f",
          "title": "3 - Adicione a cor **preta** como a primeira cor da paleta de cores",
          "fullFile": "",
          "file": "",
          "beforeHooks": [],
          "afterHooks": [],
          "tests": [
            {
              "title": "Verifica se a primeira cor da paleta é preta",
              "fullTitle": "3 - Adicione a cor **preta** como a primeira cor da paleta de cores Verifica se a primeira cor da paleta é preta",
              "timedOut": null,
              "duration": 292,
              "state": "passed",
              "speed": "slow",
              "pass": true,
              "fail": false,
              "pending": false,
              "context": null,
              "code": "cy.get('.color').first().should('have.css', 'background-color', BLACK);",
              "err": {},
              "uuid": "b52f0db8-7b01-41ff-bcf8-678b2963c4a1",
              "parentUUID": "3743aa08-d133-4eaf-86e6-19de42d3486f",
              "isHook": false,
              "skipped": false
            },
            {
              "title": "Verifica se as demais cores podem ser escolhidas livremente.",
              "fullTitle": "3 - Adicione a cor **preta** como a primeira cor da paleta de cores Verifica se as demais cores podem ser escolhidas livremente.",
              "timedOut": null,
              "duration": 238,
              "state": "passed",
              "speed": "slow",
              "pass": true,
              "fail": false,
              "pending": false,
              "context": null,
              "code": "cy.get('.color').eq(1).should('not.have.css', 'background-color', BLACK);\ncy.get('.color').eq(1).should('not.have.css', 'background-color', WHITE);\ncy.get('.color').eq(1).should('not.have.css', 'background-color', 'rgba(0, 0, 0, 0)');\ncy.get('.color').eq(1).should('have.css', 'background-color');\ncy.get('.color').eq(2).should('not.have.css', 'background-color', BLACK);\ncy.get('.color').eq(2).should('not.have.css', 'background-color', WHITE);\ncy.get('.color').eq(2).should('not.have.css', 'background-color', 'rgba(0, 0, 0, 0)');\ncy.get('.color').eq(2).should('have.css', 'background-color');\ncy.get('.color').eq(3).should('not.have.css', 'background-color', BLACK);\ncy.get('.color').eq(3).should('not.have.css', 'background-color', WHITE);\ncy.get('.color').eq(3).should('not.have.css', 'background-color', 'rgba(0, 0, 0, 0)');\ncy.get('.color').eq(3).should('have.css', 'background-color');",
              "err": {},
              "uuid": "d0e4959c-4de5-46ed-bd5c-479045303c05",
              "parentUUID": "3743aa08-d133-4eaf-86e6-19de42d3486f",
              "isHook": false,
              "skipped": false
            }
          ],
          "suites": [],
          "passes": [
            "b52f0db8-7b01-41ff-bcf8-678b2963c4a1",
            "d0e4959c-4de5-46ed-bd5c-479045303c05"
          ],
          "failures": [],
          "pending": [],
          "skipped": [],
          "duration": 530,
          "root": false,
          "rootEmpty": false,
          "_timeout": 2000
        },
        {
          "uuid": "1cf55e23-fc28-4c85-922c-6e447dd8de31",
          "title": "4 - Adicione à página um quadro contendo 25 pixels",
          "fullFile": "",
          "file": "",
          "beforeHooks": [],
          "afterHooks": [],
          "tests": [
            {
              "title": "Verifica se o quadro de pixels possui o `id` denominado `pixel-board`",
              "fullTitle": "4 - Adicione à página um quadro contendo 25 pixels Verifica se o quadro de pixels possui o `id` denominado `pixel-board`",
              "timedOut": null,
              "duration": 206,
              "state": "passed",
              "speed": "slow",
              "pass": true,
              "fail": false,
              "pending": false,
              "context": null,
              "code": "cy.get('#pixel-board').should('be.visible');",
              "err": {},
              "uuid": "f90c6e1c-c0d5-4c60-a3bf-e1ea760f83c8",
              "parentUUID": "1cf55e23-fc28-4c85-922c-6e447dd8de31",
              "isHook": false,
              "skipped": false
            },
            {
              "title": "Verifica se cada pixel individual dentro do quadro possui a `classe` denominada `pixel`.",
              "fullTitle": "4 - Adicione à página um quadro contendo 25 pixels Verifica se cada pixel individual dentro do quadro possui a `classe` denominada `pixel`.",
              "timedOut": null,
              "duration": 191,
              "state": "passed",
              "speed": "slow",
              "pass": true,
              "fail": false,
              "pending": false,
              "context": null,
              "code": "cy.get('.pixel').should('have.length', 25);",
              "err": {},
              "uuid": "f2d14429-1dc3-49dd-a8ec-42ea070ec0a7",
              "parentUUID": "1cf55e23-fc28-4c85-922c-6e447dd8de31",
              "isHook": false,
              "skipped": false
            },
            {
              "title": "Verifica se a cor inicial dos pixels dentro do quadro, ao abrir a página, é branca.",
              "fullTitle": "4 - Adicione à página um quadro contendo 25 pixels Verifica se a cor inicial dos pixels dentro do quadro, ao abrir a página, é branca.",
              "timedOut": null,
              "duration": 327,
              "state": "passed",
              "speed": "slow",
              "pass": true,
              "fail": false,
              "pending": false,
              "context": null,
              "code": "cy.get('.pixel').should('have.length', 25).each(function (pixel) {\n  expect(pixel).to.have.css('background-color', WHITE);\n});",
              "err": {},
              "uuid": "09f151de-11e6-4ce3-9e78-abc779b4019f",
              "parentUUID": "1cf55e23-fc28-4c85-922c-6e447dd8de31",
              "isHook": false,
              "skipped": false
            },
            {
              "title": "Verifica se o quadro de pixels aparece abaixo da paleta de cores",
              "fullTitle": "4 - Adicione à página um quadro contendo 25 pixels Verifica se o quadro de pixels aparece abaixo da paleta de cores",
              "timedOut": null,
              "duration": 152,
              "state": "passed",
              "speed": "slow",
              "pass": true,
              "fail": false,
              "pending": false,
              "context": null,
              "code": "cy.get('#color-palette').then(function (palette) {\n  cy.get('#pixel-board').should('be.belowOf', palette);\n});",
              "err": {},
              "uuid": "59fcc856-14be-4984-841b-bd562ba3f692",
              "parentUUID": "1cf55e23-fc28-4c85-922c-6e447dd8de31",
              "isHook": false,
              "skipped": false
            }
          ],
          "suites": [],
          "passes": [
            "f90c6e1c-c0d5-4c60-a3bf-e1ea760f83c8",
            "f2d14429-1dc3-49dd-a8ec-42ea070ec0a7",
            "09f151de-11e6-4ce3-9e78-abc779b4019f",
            "59fcc856-14be-4984-841b-bd562ba3f692"
          ],
          "failures": [],
          "pending": [],
          "skipped": [],
          "duration": 876,
          "root": false,
          "rootEmpty": false,
          "_timeout": 2000
        },
        {
          "uuid": "b72426eb-cb3e-4c3f-a079-072ef417b0ee",
          "title": "5 - Faça com que cada elemento do quadro de pixels possua 40 pixels de largura, 40 pixels de altura e seja delimitado por uma borda preta de 1 pixel",
          "fullFile": "",
          "file": "",
          "beforeHooks": [],
          "afterHooks": [],
          "tests": [
            {
              "title": "Verifica se o quadro de pixels tem altura e comprimento de 5 elementos",
              "fullTitle": "5 - Faça com que cada elemento do quadro de pixels possua 40 pixels de largura, 40 pixels de altura e seja delimitado por uma borda preta de 1 pixel Verifica se o quadro de pixels tem altura e comprimento de 5 elementos",
              "timedOut": null,
              "duration": 434,
              "state": "passed",
              "speed": "slow",
              "pass": true,
              "fail": false,
              "pending": false,
              "context": null,
              "code": "cy.get('.pixel').should('have.length', 25).each(function (pixel) {\n  expect(pixel).to.have.css('background-color', WHITE);\n}).and(function (pixels) {\n  var rows = chunk(pixels, 5);\n  rows.forEach(function (row) {\n    for (var index = 1; index < row.length; index += 1) {\n      var current = pixels[index];\n      var previous = pixels[index - 1];\n      cy.wrap(current).should('be.onTheRightOf', previous).and('be.horizontallyAlignedWith', previous);\n    }\n  });\n  for (var index = 1; index < 5; index += 1) {\n    expect(pixels[index * 5]).to.be.belowOf(pixels[(index - 1) * 5]);\n  }\n});",
              "err": {},
              "uuid": "263707f1-94fd-4509-9311-06ac64bffb5d",
              "parentUUID": "b72426eb-cb3e-4c3f-a079-072ef417b0ee",
              "isHook": false,
              "skipped": false
            },
            {
              "title": "Verifica se 40 pixels é o tamanho total do elemento, incluindo seu conteúdo e excluindo a borda preta, que deve ser criada à parte.",
              "fullTitle": "5 - Faça com que cada elemento do quadro de pixels possua 40 pixels de largura, 40 pixels de altura e seja delimitado por uma borda preta de 1 pixel Verifica se 40 pixels é o tamanho total do elemento, incluindo seu conteúdo e excluindo a borda preta, que deve ser criada à parte.",
              "timedOut": null,
              "duration": 394,
              "state": "passed",
              "speed": "slow",
              "pass": true,
              "fail": false,
              "pending": false,
              "context": null,
              "code": "cy.get('.pixel').each(function (pixel) {\n  cy.wrap(pixel).should('have.css', 'height', '40px').and('have.css', 'width', '40px').and('have.css', 'border', \"1px solid \".concat(BLACK));\n});",
              "err": {},
              "uuid": "6685eda1-024c-4e8b-bc7a-e8ace67e164d",
              "parentUUID": "b72426eb-cb3e-4c3f-a079-072ef417b0ee",
              "isHook": false,
              "skipped": false
            }
          ],
          "suites": [],
          "passes": [
            "263707f1-94fd-4509-9311-06ac64bffb5d",
            "6685eda1-024c-4e8b-bc7a-e8ace67e164d"
          ],
          "failures": [],
          "pending": [],
          "skipped": [],
          "duration": 828,
          "root": false,
          "rootEmpty": false,
          "_timeout": 2000
        },
        {
          "uuid": "5eaef231-a1f7-466e-b9a8-facff9615a0c",
          "title": "6 - Defina a cor preta como cor inicial da paleta de cores. Ao carregar a página a cor preta já deve estar selecionada para pintar os pixels",
          "fullFile": "",
          "file": "",
          "beforeHooks": [],
          "afterHooks": [],
          "tests": [
            {
              "title": "Verifica se o elemento da cor preta possui, inicialmente, a `classe` `selected`",
              "fullTitle": "6 - Defina a cor preta como cor inicial da paleta de cores. Ao carregar a página a cor preta já deve estar selecionada para pintar os pixels Verifica se o elemento da cor preta possui, inicialmente, a `classe` `selected`",
              "timedOut": null,
              "duration": 212,
              "state": "passed",
              "speed": "slow",
              "pass": true,
              "fail": false,
              "pending": false,
              "context": null,
              "code": "cy.get('.selected').first().should('have.css', 'background-color', BLACK);",
              "err": {},
              "uuid": "aaabc73d-b02c-48c5-b165-be1afdc0fb70",
              "parentUUID": "5eaef231-a1f7-466e-b9a8-facff9615a0c",
              "isHook": false,
              "skipped": false
            },
            {
              "title": "Verifica se nenhuma outra cor da paleta tem a `classe` `selected`",
              "fullTitle": "6 - Defina a cor preta como cor inicial da paleta de cores. Ao carregar a página a cor preta já deve estar selecionada para pintar os pixels Verifica se nenhuma outra cor da paleta tem a `classe` `selected`",
              "timedOut": null,
              "duration": 4604,
              "state": "failed",
              "speed": null,
              "pass": false,
              "fail": true,
              "pending": false,
              "context": null,
              "code": "cy.get('.color:not(:first-child)').each(function (color) {\n  cy.wrap(color).should('not.have.class', 'selected');\n});",
              "err": {
                "message": "CypressError: Timed out retrying: expected '<button.color.selected>' not to have class 'selected'",
                "estack": "CypressError: Timed out retrying: expected '<button.color.selected>' not to have class 'selected'\n    at cypressErr (http://localhost:44211/__cypress/runner/cypress_runner.js:149934:9)\n    at throwErr (http://localhost:44211/__cypress/runner/cypress_runner.js:149867:11)\n    at Object.throwErrByPath (http://localhost:44211/__cypress/runner/cypress_runner.js:149915:3)\n    at retry (http://localhost:44211/__cypress/runner/cypress_runner.js:144197:19)\n    at onFailFn (http://localhost:44211/__cypress/runner/cypress_runner.js:132448:16)\n    at tryCatcher (http://localhost:44211/__cypress/runner/cypress_runner.js:167415:23)\n    at Promise._settlePromiseFromHandler (http://localhost:44211/__cypress/runner/cypress_runner.js:165351:31)\n    at Promise._settlePromise (http://localhost:44211/__cypress/runner/cypress_runner.js:165408:18)\n    at Promise._settlePromise0 (http://localhost:44211/__cypress/runner/cypress_runner.js:165453:10)\n    at Promise._settlePromises (http://localhost:44211/__cypress/runner/cypress_runner.js:165528:18)\n    at Async../node_modules/bluebird/js/release/async.js.Async._drainQueue (http://localhost:44211/__cypress/runner/cypress_runner.js:162140:16)\n    at Async../node_modules/bluebird/js/release/async.js.Async._drainQueues (http://localhost:44211/__cypress/runner/cypress_runner.js:162150:10)\n    at Async.drainQueues (http://localhost:44211/__cypress/runner/cypress_runner.js:162024:14)",
                "diff": null
              },
              "uuid": "f3f7de9b-1ce6-43d6-a7c2-69e544c7367b",
              "parentUUID": "5eaef231-a1f7-466e-b9a8-facff9615a0c",
              "isHook": false,
              "skipped": false
            }
          ],
          "suites": [],
          "passes": [
            "aaabc73d-b02c-48c5-b165-be1afdc0fb70"
          ],
          "failures": [
            "f3f7de9b-1ce6-43d6-a7c2-69e544c7367b"
          ],
          "pending": [],
          "skipped": [],
          "duration": 4816,
          "root": false,
          "rootEmpty": false,
          "_timeout": 2000
        },
        {
          "uuid": "332f00db-7c08-4a35-8d42-ab6a9e534041",
          "title": "7 - Crie uma função para selecionar uma cor na paleta de cores e preencher os pixels no quadro",
          "fullFile": "",
          "file": "",
          "beforeHooks": [],
          "afterHooks": [],
          "tests": [
            {
              "title": "Verifica se somente uma cor da paleta de cores tem a classe `selected` de cada vez",
              "fullTitle": "7 - Crie uma função para selecionar uma cor na paleta de cores e preencher os pixels no quadro Verifica se somente uma cor da paleta de cores tem a classe `selected` de cada vez",
              "timedOut": null,
              "duration": 775,
              "state": "passed",
              "speed": "slow",
              "pass": true,
              "fail": false,
              "pending": false,
              "context": null,
              "code": "cy.get('.color').each(function (selectedColor, selectedColorIndex) {\n  cy.wrap(selectedColor).click();\n  cy.get('.color').each(function (color, colorIndex) {\n    if (colorIndex === selectedColorIndex) {\n      expect(color).to.have[\"class\"]('selected');\n    } else {\n      expect(color).not.to.have[\"class\"]('selected');\n    }\n  });\n});",
              "err": {},
              "uuid": "9d500b97-ad43-4767-a24d-325a39c0a575",
              "parentUUID": "332f00db-7c08-4a35-8d42-ab6a9e534041",
              "isHook": false,
              "skipped": false
            },
            {
              "title": "Verifica se os pixels dentro do quadro não têm a classe `selected` quando são clicados",
              "fullTitle": "7 - Crie uma função para selecionar uma cor na paleta de cores e preencher os pixels no quadro Verifica se os pixels dentro do quadro não têm a classe `selected` quando são clicados",
              "timedOut": null,
              "duration": 10447,
              "state": "passed",
              "speed": "slow",
              "pass": true,
              "fail": false,
              "pending": false,
              "context": null,
              "code": "cy.get('.color').each(function (color) {\n  var backgroundColor = color.css('background-color');\n  cy.wrap(color).click();\n  cy.get('.pixel').each(function (pixel) {\n    cy.wrap(pixel).click().should('not.have.class', 'selected');\n  });\n});",
              "err": {},
              "uuid": "ad44eb99-487f-4211-ba63-d7cae5ed74c0",
              "parentUUID": "332f00db-7c08-4a35-8d42-ab6a9e534041",
              "isHook": false,
              "skipped": false
            }
          ],
          "suites": [],
          "passes": [
            "9d500b97-ad43-4767-a24d-325a39c0a575",
            "ad44eb99-487f-4211-ba63-d7cae5ed74c0"
          ],
          "failures": [],
          "pending": [],
          "skipped": [],
          "duration": 11222,
          "root": false,
          "rootEmpty": false,
          "_timeout": 2000
        },
        {
          "uuid": "861bb33b-9d97-4f18-a54a-84ef97bde6a9",
          "title": "8 - Crie uma função que permita preencher um pixel do quadro com a cor selecionada na paleta de cores",
          "fullFile": "",
          "file": "",
          "beforeHooks": [],
          "afterHooks": [],
          "tests": [
            {
              "title": "Verifica se ao carregar a página deve ser possível pintar os pixels de preto",
              "fullTitle": "8 - Crie uma função que permita preencher um pixel do quadro com a cor selecionada na paleta de cores Verifica se ao carregar a página deve ser possível pintar os pixels de preto",
              "timedOut": null,
              "duration": 2711,
              "state": "passed",
              "speed": "slow",
              "pass": true,
              "fail": false,
              "pending": false,
              "context": null,
              "code": "cy.get('.pixel').each(function (pixel) {\n  cy.wrap(pixel).click().should('have.css', 'background-color', BLACK);\n});",
              "err": {},
              "uuid": "0de51f63-95a3-4442-b24e-fad011e6e40a",
              "parentUUID": "861bb33b-9d97-4f18-a54a-84ef97bde6a9",
              "isHook": false,
              "skipped": false
            },
            {
              "title": "Verifica se após selecionar uma outra cor na paleta, é possível pintar os pixels com essa cor",
              "fullTitle": "8 - Crie uma função que permita preencher um pixel do quadro com a cor selecionada na paleta de cores Verifica se após selecionar uma outra cor na paleta, é possível pintar os pixels com essa cor",
              "timedOut": null,
              "duration": 10506,
              "state": "passed",
              "speed": "slow",
              "pass": true,
              "fail": false,
              "pending": false,
              "context": null,
              "code": "cy.get('.color').each(function (color) {\n  var backgroundColor = color.css('background-color');\n  cy.wrap(color).click();\n  cy.get('.pixel').each(function (pixel) {\n    cy.wrap(pixel).click().should('have.css', 'background-color', backgroundColor);\n  });\n});",
              "err": {},
              "uuid": "5583cbda-41b9-4004-a65d-05b0b67b5cad",
              "parentUUID": "861bb33b-9d97-4f18-a54a-84ef97bde6a9",
              "isHook": false,
              "skipped": false
            },
            {
              "title": "Verifica se somente o pixel que foi clicado foi preenchido com a cor selecionada, sem influenciar na cor dos demais pixels.",
              "fullTitle": "8 - Crie uma função que permita preencher um pixel do quadro com a cor selecionada na paleta de cores Verifica se somente o pixel que foi clicado foi preenchido com a cor selecionada, sem influenciar na cor dos demais pixels.",
              "timedOut": null,
              "duration": 2091,
              "state": "passed",
              "speed": "slow",
              "pass": true,
              "fail": false,
              "pending": false,
              "context": null,
              "code": "var colorToPixelIndexMap = {\n  0: 6,\n  1: 8,\n  2: 16,\n  3: 18\n};\ncy.get('.color').each(function (color, index) {\n  cy.wrap(color).click();\n  var backgroundColor = color.css('background-color');\n  var clickedPixelIndex = colorToPixelIndexMap[index];\n  cy.get('.pixel').eq(clickedPixelIndex).click();\n  cy.get('.pixel').eq(clickedPixelIndex - 1).should('not.have.css', 'background-color', backgroundColor);\n  cy.get('.pixel').eq(clickedPixelIndex + 1).should('not.have.css', 'background-color', backgroundColor);\n  cy.get('.pixel').eq(clickedPixelIndex - 5).should('not.have.css', 'background-color', backgroundColor);\n  cy.get('.pixel').eq(clickedPixelIndex + 5).should('not.have.css', 'background-color', backgroundColor);\n  cy.get('.pixel').eq(clickedPixelIndex - 6).should('not.have.css', 'background-color', backgroundColor);\n  cy.get('.pixel').eq(clickedPixelIndex - 4).should('not.have.css', 'background-color', backgroundColor);\n  cy.get('.pixel').eq(clickedPixelIndex + 4).should('not.have.css', 'background-color', backgroundColor);\n  cy.get('.pixel').eq(clickedPixelIndex + 6).should('not.have.css', 'background-color', backgroundColor);\n});",
              "err": {},
              "uuid": "d22818f8-a578-4641-9848-942fd0a2b832",
              "parentUUID": "861bb33b-9d97-4f18-a54a-84ef97bde6a9",
              "isHook": false,
              "skipped": false
            }
          ],
          "suites": [],
          "passes": [
            "0de51f63-95a3-4442-b24e-fad011e6e40a",
            "5583cbda-41b9-4004-a65d-05b0b67b5cad",
            "d22818f8-a578-4641-9848-942fd0a2b832"
          ],
          "failures": [],
          "pending": [],
          "skipped": [],
          "duration": 15308,
          "root": false,
          "rootEmpty": false,
          "_timeout": 2000
        },
        {
          "uuid": "3015952f-c1e8-4c27-b0e9-39e2d6aca1a3",
          "title": "9 - Crie um botão que, ao ser clicado, limpa o quadro preenchendo a cor de todos seus pixels com branco",
          "fullFile": "",
          "file": "",
          "beforeHooks": [],
          "afterHooks": [],
          "tests": [
            {
              "title": "Verifica se o botão tem o `id` denominado `clear-board`",
              "fullTitle": "9 - Crie um botão que, ao ser clicado, limpa o quadro preenchendo a cor de todos seus pixels com branco Verifica se o botão tem o `id` denominado `clear-board`",
              "timedOut": null,
              "duration": 228,
              "state": "passed",
              "speed": "slow",
              "pass": true,
              "fail": false,
              "pending": false,
              "context": null,
              "code": "cy.get('#clear-board').should('be.visible');",
              "err": {},
              "uuid": "10d8f1dd-7bab-46d1-be44-c224c2ffed67",
              "parentUUID": "3015952f-c1e8-4c27-b0e9-39e2d6aca1a3",
              "isHook": false,
              "skipped": false
            },
            {
              "title": "Verifica se o botão está posicionado entre a paleta de cores e o quadro de pixels",
              "fullTitle": "9 - Crie um botão que, ao ser clicado, limpa o quadro preenchendo a cor de todos seus pixels com branco Verifica se o botão está posicionado entre a paleta de cores e o quadro de pixels",
              "timedOut": null,
              "duration": 4809,
              "state": "failed",
              "speed": null,
              "pass": false,
              "fail": true,
              "pending": false,
              "context": null,
              "code": "cy.get('#color-palette').then(function (palette) {\n  cy.get('#clear-board').should('be.belowOf', palette);\n});\ncy.get('#clear-board').then(function (clearBtn) {\n  cy.get('#pixel-board').should('be.belowOf', clearBtn);\n});",
              "err": {
                "message": "CypressError: Timed out retrying: expected '<div#pixel-board>' to be below of { Object (0, length, ...) }",
                "estack": "CypressError: Timed out retrying: expected '<div#pixel-board>' to be below of { Object (0, length, ...) }\n    at cypressErr (http://localhost:44211/__cypress/runner/cypress_runner.js:149934:9)\n    at throwErr (http://localhost:44211/__cypress/runner/cypress_runner.js:149867:11)\n    at Object.throwErrByPath (http://localhost:44211/__cypress/runner/cypress_runner.js:149915:3)\n    at retry (http://localhost:44211/__cypress/runner/cypress_runner.js:144197:19)\n    at onFailFn (http://localhost:44211/__cypress/runner/cypress_runner.js:132448:16)\n    at tryCatcher (http://localhost:44211/__cypress/runner/cypress_runner.js:167415:23)\n    at Promise._settlePromiseFromHandler (http://localhost:44211/__cypress/runner/cypress_runner.js:165351:31)\n    at Promise._settlePromise (http://localhost:44211/__cypress/runner/cypress_runner.js:165408:18)\n    at Promise._settlePromise0 (http://localhost:44211/__cypress/runner/cypress_runner.js:165453:10)\n    at Promise._settlePromises (http://localhost:44211/__cypress/runner/cypress_runner.js:165528:18)\n    at Async../node_modules/bluebird/js/release/async.js.Async._drainQueue (http://localhost:44211/__cypress/runner/cypress_runner.js:162140:16)\n    at Async../node_modules/bluebird/js/release/async.js.Async._drainQueues (http://localhost:44211/__cypress/runner/cypress_runner.js:162150:10)\n    at Async.drainQueues (http://localhost:44211/__cypress/runner/cypress_runner.js:162024:14)",
                "diff": null
              },
              "uuid": "e4bc0a11-a671-4bfa-85f0-1be4e61975fd",
              "parentUUID": "3015952f-c1e8-4c27-b0e9-39e2d6aca1a3",
              "isHook": false,
              "skipped": false
            },
            {
              "title": "Verifica se o texto do botão é 'Limpar'",
              "fullTitle": "9 - Crie um botão que, ao ser clicado, limpa o quadro preenchendo a cor de todos seus pixels com branco Verifica se o texto do botão é 'Limpar'",
              "timedOut": null,
              "duration": 287,
              "state": "passed",
              "speed": "slow",
              "pass": true,
              "fail": false,
              "pending": false,
              "context": null,
              "code": "cy.get('#clear-board').should('contain.text', 'Limpar');",
              "err": {},
              "uuid": "c5f33310-2f32-4790-b682-efb6405bcb27",
              "parentUUID": "3015952f-c1e8-4c27-b0e9-39e2d6aca1a3",
              "isHook": false,
              "skipped": false
            },
            {
              "title": "Verifica se ao clicar no botão, o quadro de pixels é totalmente preenchido de branco",
              "fullTitle": "9 - Crie um botão que, ao ser clicado, limpa o quadro preenchendo a cor de todos seus pixels com branco Verifica se ao clicar no botão, o quadro de pixels é totalmente preenchido de branco",
              "timedOut": null,
              "duration": 2943,
              "state": "passed",
              "speed": "slow",
              "pass": true,
              "fail": false,
              "pending": false,
              "context": null,
              "code": "cy.get('.color').eq(1).then(function (color) {\n  var backgroundColor = color.css('background-color');\n  cy.wrap(color).click();\n  cy.get('.pixel').each(function (pixel) {\n    cy.wrap(pixel).click().should('have.css', 'background-color', backgroundColor);\n  });\n});\ncy.get('#clear-board').click();\ncy.get('.pixel').each(function (pixel) {\n  cy.wrap(pixel).should('have.css', 'background-color', WHITE);\n});",
              "err": {},
              "uuid": "ce406285-473e-4dbd-a9d5-2ab8883f83ac",
              "parentUUID": "3015952f-c1e8-4c27-b0e9-39e2d6aca1a3",
              "isHook": false,
              "skipped": false
            }
          ],
          "suites": [],
          "passes": [
            "10d8f1dd-7bab-46d1-be44-c224c2ffed67",
            "c5f33310-2f32-4790-b682-efb6405bcb27",
            "ce406285-473e-4dbd-a9d5-2ab8883f83ac"
          ],
          "failures": [
            "e4bc0a11-a671-4bfa-85f0-1be4e61975fd"
          ],
          "pending": [],
          "skipped": [],
          "duration": 8267,
          "root": false,
          "rootEmpty": false,
          "_timeout": 2000
        },
        {
          "uuid": "633dcda4-cf77-46da-9afd-3422193fd42a",
          "title": "10 - Crie um input que permita à pessoa usuária preencher um novo tamanho para o quadro de pixels",
          "fullFile": "",
          "file": "",
          "beforeHooks": [],
          "afterHooks": [],
          "tests": [
            {
              "title": "Verifica se existe um input com o id `board-size`",
              "fullTitle": "10 - Crie um input que permita à pessoa usuária preencher um novo tamanho para o quadro de pixels Verifica se existe um input com o id `board-size`",
              "timedOut": null,
              "duration": 4779,
              "state": "failed",
              "speed": null,
              "pass": false,
              "fail": true,
              "pending": false,
              "context": null,
              "code": "cy.get('#board-size').should('be.visible');",
              "err": {
                "message": "CypressError: Timed out retrying: Expected to find element: '#board-size', but never found it.",
                "estack": "CypressError: Timed out retrying: Expected to find element: '#board-size', but never found it.\n    at cypressErr (http://localhost:44211/__cypress/runner/cypress_runner.js:149934:9)\n    at throwErr (http://localhost:44211/__cypress/runner/cypress_runner.js:149867:11)\n    at Object.throwErrByPath (http://localhost:44211/__cypress/runner/cypress_runner.js:149915:3)\n    at retry (http://localhost:44211/__cypress/runner/cypress_runner.js:144197:19)\n    at onFailFn (http://localhost:44211/__cypress/runner/cypress_runner.js:132448:16)\n    at tryCatcher (http://localhost:44211/__cypress/runner/cypress_runner.js:167415:23)\n    at Promise._settlePromiseFromHandler (http://localhost:44211/__cypress/runner/cypress_runner.js:165351:31)\n    at Promise._settlePromise (http://localhost:44211/__cypress/runner/cypress_runner.js:165408:18)\n    at Promise._settlePromise0 (http://localhost:44211/__cypress/runner/cypress_runner.js:165453:10)\n    at Promise._settlePromises (http://localhost:44211/__cypress/runner/cypress_runner.js:165528:18)\n    at Async../node_modules/bluebird/js/release/async.js.Async._drainQueue (http://localhost:44211/__cypress/runner/cypress_runner.js:162140:16)\n    at Async../node_modules/bluebird/js/release/async.js.Async._drainQueues (http://localhost:44211/__cypress/runner/cypress_runner.js:162150:10)\n    at Async.drainQueues (http://localhost:44211/__cypress/runner/cypress_runner.js:162024:14)",
                "diff": null
              },
              "uuid": "7e40e861-7d69-4bbc-abe8-667432b6380c",
              "parentUUID": "633dcda4-cf77-46da-9afd-3422193fd42a",
              "isHook": false,
              "skipped": false
            },
            {
              "title": "Verifica se existe um botão com o id `generate-board`",
              "fullTitle": "10 - Crie um input que permita à pessoa usuária preencher um novo tamanho para o quadro de pixels Verifica se existe um botão com o id `generate-board`",
              "timedOut": null,
              "duration": 4855,
              "state": "failed",
              "speed": null,
              "pass": false,
              "fail": true,
              "pending": false,
              "context": null,
              "code": "cy.get('#generate-board').should('be.visible');",
              "err": {
                "message": "CypressError: Timed out retrying: Expected to find element: '#generate-board', but never found it.",
                "estack": "CypressError: Timed out retrying: Expected to find element: '#generate-board', but never found it.\n    at cypressErr (http://localhost:44211/__cypress/runner/cypress_runner.js:149934:9)\n    at throwErr (http://localhost:44211/__cypress/runner/cypress_runner.js:149867:11)\n    at Object.throwErrByPath (http://localhost:44211/__cypress/runner/cypress_runner.js:149915:3)\n    at retry (http://localhost:44211/__cypress/runner/cypress_runner.js:144197:19)\n    at onFailFn (http://localhost:44211/__cypress/runner/cypress_runner.js:132448:16)\n    at tryCatcher (http://localhost:44211/__cypress/runner/cypress_runner.js:167415:23)\n    at Promise._settlePromiseFromHandler (http://localhost:44211/__cypress/runner/cypress_runner.js:165351:31)\n    at Promise._settlePromise (http://localhost:44211/__cypress/runner/cypress_runner.js:165408:18)\n    at Promise._settlePromise0 (http://localhost:44211/__cypress/runner/cypress_runner.js:165453:10)\n    at Promise._settlePromises (http://localhost:44211/__cypress/runner/cypress_runner.js:165528:18)\n    at Async../node_modules/bluebird/js/release/async.js.Async._drainQueue (http://localhost:44211/__cypress/runner/cypress_runner.js:162140:16)\n    at Async../node_modules/bluebird/js/release/async.js.Async._drainQueues (http://localhost:44211/__cypress/runner/cypress_runner.js:162150:10)\n    at Async.drainQueues (http://localhost:44211/__cypress/runner/cypress_runner.js:162024:14)",
                "diff": null
              },
              "uuid": "0817c6a6-2f40-4760-a826-48e35ac22453",
              "parentUUID": "633dcda4-cf77-46da-9afd-3422193fd42a",
              "isHook": false,
              "skipped": false
            },
            {
              "title": "Verifica se o input só aceita número maiores que zero. Essa restrição deve ser feita usando os atributos do elemento `input`",
              "fullTitle": "10 - Crie um input que permita à pessoa usuária preencher um novo tamanho para o quadro de pixels Verifica se o input só aceita número maiores que zero. Essa restrição deve ser feita usando os atributos do elemento `input`",
              "timedOut": null,
              "duration": 4798,
              "state": "failed",
              "speed": null,
              "pass": false,
              "fail": true,
              "pending": false,
              "context": null,
              "code": "cy.get('#board-size[type=\\'number\\'][min=\\'1\\']');",
              "err": {
                "message": "CypressError: Timed out retrying: Expected to find element: '#board-size[type='number'][min='1']', but never found it.",
                "estack": "CypressError: Timed out retrying: Expected to find element: '#board-size[type='number'][min='1']', but never found it.\n    at cypressErr (http://localhost:44211/__cypress/runner/cypress_runner.js:149934:9)\n    at throwErr (http://localhost:44211/__cypress/runner/cypress_runner.js:149867:11)\n    at Object.throwErrByPath (http://localhost:44211/__cypress/runner/cypress_runner.js:149915:3)\n    at retry (http://localhost:44211/__cypress/runner/cypress_runner.js:144197:19)\n    at onFailFn (http://localhost:44211/__cypress/runner/cypress_runner.js:132448:16)\n    at tryCatcher (http://localhost:44211/__cypress/runner/cypress_runner.js:167415:23)\n    at Promise._settlePromiseFromHandler (http://localhost:44211/__cypress/runner/cypress_runner.js:165351:31)\n    at Promise._settlePromise (http://localhost:44211/__cypress/runner/cypress_runner.js:165408:18)\n    at Promise._settlePromise0 (http://localhost:44211/__cypress/runner/cypress_runner.js:165453:10)\n    at Promise._settlePromises (http://localhost:44211/__cypress/runner/cypress_runner.js:165528:18)\n    at Async../node_modules/bluebird/js/release/async.js.Async._drainQueue (http://localhost:44211/__cypress/runner/cypress_runner.js:162140:16)\n    at Async../node_modules/bluebird/js/release/async.js.Async._drainQueues (http://localhost:44211/__cypress/runner/cypress_runner.js:162150:10)\n    at Async.drainQueues (http://localhost:44211/__cypress/runner/cypress_runner.js:162024:14)",
                "diff": null
              },
              "uuid": "4ebaa70d-f9ea-4488-b167-9c4196f74234",
              "parentUUID": "633dcda4-cf77-46da-9afd-3422193fd42a",
              "isHook": false,
              "skipped": false
            },
            {
              "title": "Verifica se o botão contém o texto 'VQV'",
              "fullTitle": "10 - Crie um input que permita à pessoa usuária preencher um novo tamanho para o quadro de pixels Verifica se o botão contém o texto 'VQV'",
              "timedOut": null,
              "duration": 4878,
              "state": "failed",
              "speed": null,
              "pass": false,
              "fail": true,
              "pending": false,
              "context": null,
              "code": "cy.get('#generate-board').contains(/vqv/i);",
              "err": {
                "message": "CypressError: Timed out retrying: Expected to find element: '#generate-board', but never found it.",
                "estack": "CypressError: Timed out retrying: Expected to find element: '#generate-board', but never found it.\n    at cypressErr (http://localhost:44211/__cypress/runner/cypress_runner.js:149934:9)\n    at throwErr (http://localhost:44211/__cypress/runner/cypress_runner.js:149867:11)\n    at Object.throwErrByPath (http://localhost:44211/__cypress/runner/cypress_runner.js:149915:3)\n    at retry (http://localhost:44211/__cypress/runner/cypress_runner.js:144197:19)\n    at onFailFn (http://localhost:44211/__cypress/runner/cypress_runner.js:132448:16)\n    at tryCatcher (http://localhost:44211/__cypress/runner/cypress_runner.js:167415:23)\n    at Promise._settlePromiseFromHandler (http://localhost:44211/__cypress/runner/cypress_runner.js:165351:31)\n    at Promise._settlePromise (http://localhost:44211/__cypress/runner/cypress_runner.js:165408:18)\n    at Promise._settlePromise0 (http://localhost:44211/__cypress/runner/cypress_runner.js:165453:10)\n    at Promise._settlePromises (http://localhost:44211/__cypress/runner/cypress_runner.js:165528:18)\n    at Async../node_modules/bluebird/js/release/async.js.Async._drainQueue (http://localhost:44211/__cypress/runner/cypress_runner.js:162140:16)\n    at Async../node_modules/bluebird/js/release/async.js.Async._drainQueues (http://localhost:44211/__cypress/runner/cypress_runner.js:162150:10)\n    at Async.drainQueues (http://localhost:44211/__cypress/runner/cypress_runner.js:162024:14)",
                "diff": null
              },
              "uuid": "0ee423bc-43d8-4f75-ba08-4883d8091f69",
              "parentUUID": "633dcda4-cf77-46da-9afd-3422193fd42a",
              "isHook": false,
              "skipped": false
            },
            {
              "title": "Verifica se o input está posicionado entre a paleta de cores e o quadro de pixels",
              "fullTitle": "10 - Crie um input que permita à pessoa usuária preencher um novo tamanho para o quadro de pixels Verifica se o input está posicionado entre a paleta de cores e o quadro de pixels",
              "timedOut": null,
              "duration": 4732,
              "state": "failed",
              "speed": null,
              "pass": false,
              "fail": true,
              "pending": false,
              "context": null,
              "code": "cy.get('#color-palette').then(function (palette) {\n  cy.get('#board-size').should('be.belowOf', palette);\n});\ncy.get('#board-size').then(function (palette) {\n  cy.get('#pixel-board').should('be.belowOf', palette);\n});",
              "err": {
                "message": "CypressError: Timed out retrying: Expected to find element: '#board-size', but never found it.",
                "estack": "CypressError: Timed out retrying: Expected to find element: '#board-size', but never found it.\n    at cypressErr (http://localhost:44211/__cypress/runner/cypress_runner.js:149934:9)\n    at throwErr (http://localhost:44211/__cypress/runner/cypress_runner.js:149867:11)\n    at Object.throwErrByPath (http://localhost:44211/__cypress/runner/cypress_runner.js:149915:3)\n    at retry (http://localhost:44211/__cypress/runner/cypress_runner.js:144197:19)\n    at onFailFn (http://localhost:44211/__cypress/runner/cypress_runner.js:132448:16)\n    at tryCatcher (http://localhost:44211/__cypress/runner/cypress_runner.js:167415:23)\n    at Promise._settlePromiseFromHandler (http://localhost:44211/__cypress/runner/cypress_runner.js:165351:31)\n    at Promise._settlePromise (http://localhost:44211/__cypress/runner/cypress_runner.js:165408:18)\n    at Promise._settlePromise0 (http://localhost:44211/__cypress/runner/cypress_runner.js:165453:10)\n    at Promise._settlePromises (http://localhost:44211/__cypress/runner/cypress_runner.js:165528:18)\n    at Async../node_modules/bluebird/js/release/async.js.Async._drainQueue (http://localhost:44211/__cypress/runner/cypress_runner.js:162140:16)\n    at Async../node_modules/bluebird/js/release/async.js.Async._drainQueues (http://localhost:44211/__cypress/runner/cypress_runner.js:162150:10)\n    at Async.drainQueues (http://localhost:44211/__cypress/runner/cypress_runner.js:162024:14)",
                "diff": null
              },
              "uuid": "cf14997b-3b36-48d8-99ee-d594e1d6e679",
              "parentUUID": "633dcda4-cf77-46da-9afd-3422193fd42a",
              "isHook": false,
              "skipped": false
            },
            {
              "title": "Verifica se o botão está posicionado ao lado do input",
              "fullTitle": "10 - Crie um input que permita à pessoa usuária preencher um novo tamanho para o quadro de pixels Verifica se o botão está posicionado ao lado do input",
              "timedOut": null,
              "duration": 4878,
              "state": "failed",
              "speed": null,
              "pass": false,
              "fail": true,
              "pending": false,
              "context": null,
              "code": "cy.get('#board-size').then(function (board) {\n  cy.get('#generate-board').should('be.onTheRightOf', board);\n});",
              "err": {
                "message": "CypressError: Timed out retrying: Expected to find element: '#board-size', but never found it.",
                "estack": "CypressError: Timed out retrying: Expected to find element: '#board-size', but never found it.\n    at cypressErr (http://localhost:44211/__cypress/runner/cypress_runner.js:149934:9)\n    at throwErr (http://localhost:44211/__cypress/runner/cypress_runner.js:149867:11)\n    at Object.throwErrByPath (http://localhost:44211/__cypress/runner/cypress_runner.js:149915:3)\n    at retry (http://localhost:44211/__cypress/runner/cypress_runner.js:144197:19)\n    at onFailFn (http://localhost:44211/__cypress/runner/cypress_runner.js:132448:16)\n    at tryCatcher (http://localhost:44211/__cypress/runner/cypress_runner.js:167415:23)\n    at Promise._settlePromiseFromHandler (http://localhost:44211/__cypress/runner/cypress_runner.js:165351:31)\n    at Promise._settlePromise (http://localhost:44211/__cypress/runner/cypress_runner.js:165408:18)\n    at Promise._settlePromise0 (http://localhost:44211/__cypress/runner/cypress_runner.js:165453:10)\n    at Promise._settlePromises (http://localhost:44211/__cypress/runner/cypress_runner.js:165528:18)\n    at Async../node_modules/bluebird/js/release/async.js.Async._drainQueue (http://localhost:44211/__cypress/runner/cypress_runner.js:162140:16)\n    at Async../node_modules/bluebird/js/release/async.js.Async._drainQueues (http://localhost:44211/__cypress/runner/cypress_runner.js:162150:10)\n    at Async.drainQueues (http://localhost:44211/__cypress/runner/cypress_runner.js:162024:14)",
                "diff": null
              },
              "uuid": "d313a7ad-13ef-4dc7-b10c-fae8a8763f87",
              "parentUUID": "633dcda4-cf77-46da-9afd-3422193fd42a",
              "isHook": false,
              "skipped": false
            },
            {
              "title": "Verifica se nenhum valor for colocado no input ao clicar no botão, um `alert` é exibido com o texto: 'Board inválido!'",
              "fullTitle": "10 - Crie um input que permita à pessoa usuária preencher um novo tamanho para o quadro de pixels Verifica se nenhum valor for colocado no input ao clicar no botão, um `alert` é exibido com o texto: 'Board inválido!'",
              "timedOut": null,
              "duration": 4810,
              "state": "failed",
              "speed": null,
              "pass": false,
              "fail": true,
              "pending": false,
              "context": null,
              "code": "var alerted = false;\ncy.on('window:alert', function (msg) {\n  return alerted = msg;\n});\ncy.get('#generate-board').click().then(function () {\n  return expect(alerted).to.match(/Board inválido!/i);\n});",
              "err": {
                "message": "CypressError: Timed out retrying: Expected to find element: '#generate-board', but never found it.",
                "estack": "CypressError: Timed out retrying: Expected to find element: '#generate-board', but never found it.\n    at cypressErr (http://localhost:44211/__cypress/runner/cypress_runner.js:149934:9)\n    at throwErr (http://localhost:44211/__cypress/runner/cypress_runner.js:149867:11)\n    at Object.throwErrByPath (http://localhost:44211/__cypress/runner/cypress_runner.js:149915:3)\n    at retry (http://localhost:44211/__cypress/runner/cypress_runner.js:144197:19)\n    at onFailFn (http://localhost:44211/__cypress/runner/cypress_runner.js:132448:16)\n    at tryCatcher (http://localhost:44211/__cypress/runner/cypress_runner.js:167415:23)\n    at Promise._settlePromiseFromHandler (http://localhost:44211/__cypress/runner/cypress_runner.js:165351:31)\n    at Promise._settlePromise (http://localhost:44211/__cypress/runner/cypress_runner.js:165408:18)\n    at Promise._settlePromise0 (http://localhost:44211/__cypress/runner/cypress_runner.js:165453:10)\n    at Promise._settlePromises (http://localhost:44211/__cypress/runner/cypress_runner.js:165528:18)\n    at Async../node_modules/bluebird/js/release/async.js.Async._drainQueue (http://localhost:44211/__cypress/runner/cypress_runner.js:162140:16)\n    at Async../node_modules/bluebird/js/release/async.js.Async._drainQueues (http://localhost:44211/__cypress/runner/cypress_runner.js:162150:10)\n    at Async.drainQueues (http://localhost:44211/__cypress/runner/cypress_runner.js:162024:14)",
                "diff": null
              },
              "uuid": "306c1b50-bbb9-4807-bfb1-e17f2d3a0666",
              "parentUUID": "633dcda4-cf77-46da-9afd-3422193fd42a",
              "isHook": false,
              "skipped": false
            },
            {
              "title": "Verifica se ao clicar no botão com um valor preenchido, o tamanho do board muda.",
              "fullTitle": "10 - Crie um input que permita à pessoa usuária preencher um novo tamanho para o quadro de pixels Verifica se ao clicar no botão com um valor preenchido, o tamanho do board muda.",
              "timedOut": null,
              "duration": 4754,
              "state": "failed",
              "speed": null,
              "pass": false,
              "fail": true,
              "pending": false,
              "context": null,
              "code": "cy.get('#board-size').clear().type(10);\ncy.get('#generate-board').click();\ncy.get('.pixel').should('have.length', 100);",
              "err": {
                "message": "CypressError: Timed out retrying: Expected to find element: '#board-size', but never found it.",
                "estack": "CypressError: Timed out retrying: Expected to find element: '#board-size', but never found it.\n    at cypressErr (http://localhost:44211/__cypress/runner/cypress_runner.js:149934:9)\n    at throwErr (http://localhost:44211/__cypress/runner/cypress_runner.js:149867:11)\n    at Object.throwErrByPath (http://localhost:44211/__cypress/runner/cypress_runner.js:149915:3)\n    at retry (http://localhost:44211/__cypress/runner/cypress_runner.js:144197:19)\n    at onFailFn (http://localhost:44211/__cypress/runner/cypress_runner.js:132448:16)\n    at tryCatcher (http://localhost:44211/__cypress/runner/cypress_runner.js:167415:23)\n    at Promise._settlePromiseFromHandler (http://localhost:44211/__cypress/runner/cypress_runner.js:165351:31)\n    at Promise._settlePromise (http://localhost:44211/__cypress/runner/cypress_runner.js:165408:18)\n    at Promise._settlePromise0 (http://localhost:44211/__cypress/runner/cypress_runner.js:165453:10)\n    at Promise._settlePromises (http://localhost:44211/__cypress/runner/cypress_runner.js:165528:18)\n    at Async../node_modules/bluebird/js/release/async.js.Async._drainQueue (http://localhost:44211/__cypress/runner/cypress_runner.js:162140:16)\n    at Async../node_modules/bluebird/js/release/async.js.Async._drainQueues (http://localhost:44211/__cypress/runner/cypress_runner.js:162150:10)\n    at Async.drainQueues (http://localhost:44211/__cypress/runner/cypress_runner.js:162024:14)",
                "diff": null
              },
              "uuid": "2d0f1186-2b0f-4127-8d08-476e8aecb692",
              "parentUUID": "633dcda4-cf77-46da-9afd-3422193fd42a",
              "isHook": false,
              "skipped": false
            },
            {
              "title": "Verifica se o novo quadro tem todos os pixels preenchidos com a cor branca",
              "fullTitle": "10 - Crie um input que permita à pessoa usuária preencher um novo tamanho para o quadro de pixels Verifica se o novo quadro tem todos os pixels preenchidos com a cor branca",
              "timedOut": null,
              "duration": 4769,
              "state": "failed",
              "speed": null,
              "pass": false,
              "fail": true,
              "pending": false,
              "context": null,
              "code": "cy.get('#board-size').clear().type(6);\ncy.get('#generate-board').click();\ncy.get('.pixel').should('have.length', 36).each(function (pixel) {\n  expect(pixel).to.have.css('background-color', WHITE);\n});",
              "err": {
                "message": "CypressError: Timed out retrying: Expected to find element: '#board-size', but never found it.",
                "estack": "CypressError: Timed out retrying: Expected to find element: '#board-size', but never found it.\n    at cypressErr (http://localhost:44211/__cypress/runner/cypress_runner.js:149934:9)\n    at throwErr (http://localhost:44211/__cypress/runner/cypress_runner.js:149867:11)\n    at Object.throwErrByPath (http://localhost:44211/__cypress/runner/cypress_runner.js:149915:3)\n    at retry (http://localhost:44211/__cypress/runner/cypress_runner.js:144197:19)\n    at onFailFn (http://localhost:44211/__cypress/runner/cypress_runner.js:132448:16)\n    at tryCatcher (http://localhost:44211/__cypress/runner/cypress_runner.js:167415:23)\n    at Promise._settlePromiseFromHandler (http://localhost:44211/__cypress/runner/cypress_runner.js:165351:31)\n    at Promise._settlePromise (http://localhost:44211/__cypress/runner/cypress_runner.js:165408:18)\n    at Promise._settlePromise0 (http://localhost:44211/__cypress/runner/cypress_runner.js:165453:10)\n    at Promise._settlePromises (http://localhost:44211/__cypress/runner/cypress_runner.js:165528:18)\n    at Async../node_modules/bluebird/js/release/async.js.Async._drainQueue (http://localhost:44211/__cypress/runner/cypress_runner.js:162140:16)\n    at Async../node_modules/bluebird/js/release/async.js.Async._drainQueues (http://localhost:44211/__cypress/runner/cypress_runner.js:162150:10)\n    at Async.drainQueues (http://localhost:44211/__cypress/runner/cypress_runner.js:162024:14)",
                "diff": null
              },
              "uuid": "c43c5f44-9959-45cd-a0d6-5a79a42d8968",
              "parentUUID": "633dcda4-cf77-46da-9afd-3422193fd42a",
              "isHook": false,
              "skipped": false
            }
          ],
          "suites": [],
          "passes": [],
          "failures": [
            "7e40e861-7d69-4bbc-abe8-667432b6380c",
            "0817c6a6-2f40-4760-a826-48e35ac22453",
            "4ebaa70d-f9ea-4488-b167-9c4196f74234",
            "0ee423bc-43d8-4f75-ba08-4883d8091f69",
            "cf14997b-3b36-48d8-99ee-d594e1d6e679",
            "d313a7ad-13ef-4dc7-b10c-fae8a8763f87",
            "306c1b50-bbb9-4807-bfb1-e17f2d3a0666",
            "2d0f1186-2b0f-4127-8d08-476e8aecb692",
            "c43c5f44-9959-45cd-a0d6-5a79a42d8968"
          ],
          "pending": [],
          "skipped": [],
          "duration": 43253,
          "root": false,
          "rootEmpty": false,
          "_timeout": 2000
        },
        {
          "uuid": "0a35c26e-381a-4185-aaac-13a2a966ee3b",
          "title": "11 - Crie uma função que limite o tamanho mínimo e máximo do quadro de pixels",
          "fullFile": "",
          "file": "",
          "beforeHooks": [],
          "afterHooks": [],
          "tests": [
            {
              "title": "Verifica se a altura máxima do board é 50",
              "fullTitle": "11 - Crie uma função que limite o tamanho mínimo e máximo do quadro de pixels Verifica se a altura máxima do board é 50",
              "timedOut": null,
              "duration": 5028,
              "state": "failed",
              "speed": null,
              "pass": false,
              "fail": true,
              "pending": false,
              "context": null,
              "code": "cy.get('#board-size').clear().type(50);\ncy.get('#generate-board').click();\ncy.get('.pixel').should('have.length', 2500);",
              "err": {
                "message": "CypressError: Timed out retrying: Expected to find element: '#board-size', but never found it.",
                "estack": "CypressError: Timed out retrying: Expected to find element: '#board-size', but never found it.\n    at cypressErr (http://localhost:44211/__cypress/runner/cypress_runner.js:149934:9)\n    at throwErr (http://localhost:44211/__cypress/runner/cypress_runner.js:149867:11)\n    at Object.throwErrByPath (http://localhost:44211/__cypress/runner/cypress_runner.js:149915:3)\n    at retry (http://localhost:44211/__cypress/runner/cypress_runner.js:144197:19)\n    at onFailFn (http://localhost:44211/__cypress/runner/cypress_runner.js:132448:16)\n    at tryCatcher (http://localhost:44211/__cypress/runner/cypress_runner.js:167415:23)\n    at Promise._settlePromiseFromHandler (http://localhost:44211/__cypress/runner/cypress_runner.js:165351:31)\n    at Promise._settlePromise (http://localhost:44211/__cypress/runner/cypress_runner.js:165408:18)\n    at Promise._settlePromise0 (http://localhost:44211/__cypress/runner/cypress_runner.js:165453:10)\n    at Promise._settlePromises (http://localhost:44211/__cypress/runner/cypress_runner.js:165528:18)\n    at Async../node_modules/bluebird/js/release/async.js.Async._drainQueue (http://localhost:44211/__cypress/runner/cypress_runner.js:162140:16)\n    at Async../node_modules/bluebird/js/release/async.js.Async._drainQueues (http://localhost:44211/__cypress/runner/cypress_runner.js:162150:10)\n    at Async.drainQueues (http://localhost:44211/__cypress/runner/cypress_runner.js:162024:14)",
                "diff": null
              },
              "uuid": "583d492e-3314-4888-8a32-e933fd23deab",
              "parentUUID": "0a35c26e-381a-4185-aaac-13a2a966ee3b",
              "isHook": false,
              "skipped": false
            },
            {
              "title": "Verifica se a altura do board é 5 quando um valor menor é colocado no input",
              "fullTitle": "11 - Crie uma função que limite o tamanho mínimo e máximo do quadro de pixels Verifica se a altura do board é 5 quando um valor menor é colocado no input",
              "timedOut": null,
              "duration": 4912,
              "state": "failed",
              "speed": null,
              "pass": false,
              "fail": true,
              "pending": false,
              "context": null,
              "code": "cy.get('#board-size').clear().type(4);\ncy.get('#generate-board').click();\ncy.get('.pixel').should('have.length', 25);",
              "err": {
                "message": "CypressError: Timed out retrying: Expected to find element: '#board-size', but never found it.",
                "estack": "CypressError: Timed out retrying: Expected to find element: '#board-size', but never found it.\n    at cypressErr (http://localhost:44211/__cypress/runner/cypress_runner.js:149934:9)\n    at throwErr (http://localhost:44211/__cypress/runner/cypress_runner.js:149867:11)\n    at Object.throwErrByPath (http://localhost:44211/__cypress/runner/cypress_runner.js:149915:3)\n    at retry (http://localhost:44211/__cypress/runner/cypress_runner.js:144197:19)\n    at onFailFn (http://localhost:44211/__cypress/runner/cypress_runner.js:132448:16)\n    at tryCatcher (http://localhost:44211/__cypress/runner/cypress_runner.js:167415:23)\n    at Promise._settlePromiseFromHandler (http://localhost:44211/__cypress/runner/cypress_runner.js:165351:31)\n    at Promise._settlePromise (http://localhost:44211/__cypress/runner/cypress_runner.js:165408:18)\n    at Promise._settlePromise0 (http://localhost:44211/__cypress/runner/cypress_runner.js:165453:10)\n    at Promise._settlePromises (http://localhost:44211/__cypress/runner/cypress_runner.js:165528:18)\n    at Async../node_modules/bluebird/js/release/async.js.Async._drainQueue (http://localhost:44211/__cypress/runner/cypress_runner.js:162140:16)\n    at Async../node_modules/bluebird/js/release/async.js.Async._drainQueues (http://localhost:44211/__cypress/runner/cypress_runner.js:162150:10)\n    at Async.drainQueues (http://localhost:44211/__cypress/runner/cypress_runner.js:162024:14)",
                "diff": null
              },
              "uuid": "028f1c42-b209-4096-b82b-746902d89968",
              "parentUUID": "0a35c26e-381a-4185-aaac-13a2a966ee3b",
              "isHook": false,
              "skipped": false
            },
            {
              "title": "Verifica se a altura do board é 50 quando um valor maior é colocado no input",
              "fullTitle": "11 - Crie uma função que limite o tamanho mínimo e máximo do quadro de pixels Verifica se a altura do board é 50 quando um valor maior é colocado no input",
              "timedOut": null,
              "duration": 4826,
              "state": "failed",
              "speed": null,
              "pass": false,
              "fail": true,
              "pending": false,
              "context": null,
              "code": "cy.get('#board-size').clear().type(51);\ncy.get('#generate-board').click();\ncy.get('.pixel').should('have.length', 2500);",
              "err": {
                "message": "CypressError: Timed out retrying: Expected to find element: '#board-size', but never found it.",
                "estack": "CypressError: Timed out retrying: Expected to find element: '#board-size', but never found it.\n    at cypressErr (http://localhost:44211/__cypress/runner/cypress_runner.js:149934:9)\n    at throwErr (http://localhost:44211/__cypress/runner/cypress_runner.js:149867:11)\n    at Object.throwErrByPath (http://localhost:44211/__cypress/runner/cypress_runner.js:149915:3)\n    at retry (http://localhost:44211/__cypress/runner/cypress_runner.js:144197:19)\n    at onFailFn (http://localhost:44211/__cypress/runner/cypress_runner.js:132448:16)\n    at tryCatcher (http://localhost:44211/__cypress/runner/cypress_runner.js:167415:23)\n    at Promise._settlePromiseFromHandler (http://localhost:44211/__cypress/runner/cypress_runner.js:165351:31)\n    at Promise._settlePromise (http://localhost:44211/__cypress/runner/cypress_runner.js:165408:18)\n    at Promise._settlePromise0 (http://localhost:44211/__cypress/runner/cypress_runner.js:165453:10)\n    at Promise._settlePromises (http://localhost:44211/__cypress/runner/cypress_runner.js:165528:18)\n    at Async../node_modules/bluebird/js/release/async.js.Async._drainQueue (http://localhost:44211/__cypress/runner/cypress_runner.js:162140:16)\n    at Async../node_modules/bluebird/js/release/async.js.Async._drainQueues (http://localhost:44211/__cypress/runner/cypress_runner.js:162150:10)\n    at Async.drainQueues (http://localhost:44211/__cypress/runner/cypress_runner.js:162024:14)",
                "diff": null
              },
              "uuid": "2d33f8e6-f021-4f35-8b94-07fc435b3362",
              "parentUUID": "0a35c26e-381a-4185-aaac-13a2a966ee3b",
              "isHook": false,
              "skipped": false
            }
          ],
          "suites": [],
          "passes": [],
          "failures": [
            "583d492e-3314-4888-8a32-e933fd23deab",
            "028f1c42-b209-4096-b82b-746902d89968",
            "2d33f8e6-f021-4f35-8b94-07fc435b3362"
          ],
          "pending": [],
          "skipped": [],
          "duration": 14766,
          "root": false,
          "rootEmpty": false,
          "_timeout": 2000
        },
        {
          "uuid": "fc64b64f-beef-450b-8332-7e86940c7297",
          "title": "12 - Crie uma função para gerar as cores aleatoriamente ao carregar a página, com exceção da cor preta",
          "fullFile": "",
          "file": "",
          "beforeHooks": [],
          "afterHooks": [],
          "tests": [
            {
              "title": "Verifica se as cores geradas na paleta são diferentes a cada carregamento da página",
              "fullTitle": "12 - Crie uma função para gerar as cores aleatoriamente ao carregar a página, com exceção da cor preta Verifica se as cores geradas na paleta são diferentes a cada carregamento da página",
              "timedOut": null,
              "duration": 770,
              "state": "passed",
              "speed": "slow",
              "pass": true,
              "fail": false,
              "pending": false,
              "context": null,
              "code": "cy.get('.color').then(function (colors) {\n  var currentColors;\n  var previousColors;\n  previousColors = Array.from(colors).map(function (color) {\n    return Cypress.$(color).css('background-color');\n  });\n  for (var i = 0; i < 5; i += 1) {\n    cy.reload();\n    cy.get('.color').then(function (colors) {\n      currentColors = Array.from(colors).map(function (color) {\n        return Cypress.$(color).css('background-color');\n      });\n      expect(currentColors).not.to.deep.equal(previousColors);\n      previousColors = currentColors;\n    });\n  }\n});",
              "err": {},
              "uuid": "3849cee6-b40e-40c4-aae5-6026395399c4",
              "parentUUID": "fc64b64f-beef-450b-8332-7e86940c7297",
              "isHook": false,
              "skipped": false
            },
            {
              "title": "Verifica se a cor preta ainda está presente e é a primeira na sua paleta de cores",
              "fullTitle": "12 - Crie uma função para gerar as cores aleatoriamente ao carregar a página, com exceção da cor preta Verifica se a cor preta ainda está presente e é a primeira na sua paleta de cores",
              "timedOut": null,
              "duration": 660,
              "state": "passed",
              "speed": "slow",
              "pass": true,
              "fail": false,
              "pending": false,
              "context": null,
              "code": "cy.get('.color').then(function (colors) {\n  var currentColors;\n  var previousColors;\n  previousColors = Array.from(colors).map(function (color) {\n    return Cypress.$(color).css('background-color');\n  });\n  expect(previousColors[0]).to.eq(BLACK);\n  for (var i = 0; i < 5; i += 1) {\n    cy.reload();\n    cy.get('.color').then(function (colors) {\n      currentColors = Array.from(colors).map(function (color) {\n        return Cypress.$(color).css('background-color');\n      });\n      expect(currentColors[0]).to.eq(BLACK);\n      expect(currentColors).not.to.deep.equal(previousColors);\n      previousColors = currentColors;\n    });\n  }\n});",
              "err": {},
              "uuid": "847746c7-25b9-49e7-8c91-6d4f35818b6a",
              "parentUUID": "fc64b64f-beef-450b-8332-7e86940c7297",
              "isHook": false,
              "skipped": false
            }
          ],
          "suites": [],
          "passes": [
            "3849cee6-b40e-40c4-aae5-6026395399c4",
            "847746c7-25b9-49e7-8c91-6d4f35818b6a"
          ],
          "failures": [],
          "pending": [],
          "skipped": [],
          "duration": 1430,
          "root": false,
          "rootEmpty": false,
          "_timeout": 2000
        }
      ],
      "passes": [],
      "failures": [],
      "pending": [],
      "skipped": [],
      "duration": 0,
      "root": true,
      "rootEmpty": true,
      "_timeout": 2000
    }
  ],
  "meta": {
    "mocha": {
      "version": "7.0.1"
    },
    "mochawesome": {
      "options": {
        "quiet": false,
        "reportFilename": "mochawesome",
        "saveHtml": false,
        "saveJson": true,
        "consoleReporter": "spec",
        "useInlineDiffs": false
      },
      "version": "4.1.0"
    },
    "marge": {
      "options": {
        "id": "default",
        "reportDir": "cypress/reports",
        "overwrite": true,
        "html": false,
        "json": true
      },
      "version": "4.1.0"
    }
  }
}